939  2022-09-12 15:00:18 [main] INFO  d.t.c.m.MedicationDeliveryApplication - Starting MedicationDeliveryApplication using Java 17.0.4 on LAPTOP-URRO1N55 with PID 30448 (D:\test\medicationDelivery\target\classes started by Aimen Ahmed in D:\test\medicationDelivery)
943  2022-09-12 15:00:18 [main] INFO  d.t.c.m.MedicationDeliveryApplication - No active profile set, falling back to 1 default profile: "default"
6533 2022-09-12 15:00:24 [main] INFO  d.t.c.m.MedicationDeliveryApplication - Started MedicationDeliveryApplication in 6.312 seconds (JVM running for 7.026)
66671 2022-09-12 15:01:24 [scheduling-1] INFO  d.t.c.m.s.batteryLevelCheckScheduler - Drone SerialNumber 188PWLM Battery Level28
66689 2022-09-12 15:01:24 [scheduling-1] INFO  d.t.c.m.s.batteryLevelCheckScheduler - Drone SerialNumber 121KWLM Battery Level28
66693 2022-09-12 15:01:24 [scheduling-1] INFO  d.t.c.m.s.batteryLevelCheckScheduler - Drone SerialNumber 151UWLM Battery Level28
66710 2022-09-12 15:01:24 [scheduling-1] INFO  d.t.c.m.s.batteryLevelCheckScheduler - Drone SerialNumber 151LWLM Battery Level28
66716 2022-09-12 15:01:24 [scheduling-1] INFO  d.t.c.m.s.batteryLevelCheckScheduler - Drone SerialNumber 171ZWLM Battery Level28
316797 2022-09-12 15:05:34 [scheduling-1] INFO  d.t.c.m.s.batteryLevelCheckScheduler - Drone SerialNumber 188PWLM Battery Level28
316798 2022-09-12 15:05:34 [scheduling-1] INFO  d.t.c.m.s.batteryLevelCheckScheduler - Drone SerialNumber 121KWLM Battery Level28
316798 2022-09-12 15:05:34 [scheduling-1] INFO  d.t.c.m.s.batteryLevelCheckScheduler - Drone SerialNumber 151UWLM Battery Level28
316799 2022-09-12 15:05:34 [scheduling-1] INFO  d.t.c.m.s.batteryLevelCheckScheduler - Drone SerialNumber 151LWLM Battery Level28
316799 2022-09-12 15:05:34 [scheduling-1] INFO  d.t.c.m.s.batteryLevelCheckScheduler - Drone SerialNumber 171ZWLM Battery Level28
566881 2022-09-12 15:09:44 [scheduling-1] INFO  d.t.c.m.s.batteryLevelCheckScheduler - Drone SerialNumber 188PWLM Battery Level28
566888 2022-09-12 15:09:44 [scheduling-1] INFO  d.t.c.m.s.batteryLevelCheckScheduler - Drone SerialNumber 121KWLM Battery Level28
566891 2022-09-12 15:09:44 [scheduling-1] INFO  d.t.c.m.s.batteryLevelCheckScheduler - Drone SerialNumber 151UWLM Battery Level28
566892 2022-09-12 15:09:44 [scheduling-1] INFO  d.t.c.m.s.batteryLevelCheckScheduler - Drone SerialNumber 151LWLM Battery Level28
566893 2022-09-12 15:09:44 [scheduling-1] INFO  d.t.c.m.s.batteryLevelCheckScheduler - Drone SerialNumber 171ZWLM Battery Level28
816920 2022-09-12 15:13:54 [scheduling-1] INFO  d.t.c.m.s.batteryLevelCheckScheduler - Drone SerialNumber 188PWLM Battery Level28
816922 2022-09-12 15:13:54 [scheduling-1] INFO  d.t.c.m.s.batteryLevelCheckScheduler - Drone SerialNumber 121KWLM Battery Level28
816923 2022-09-12 15:13:54 [scheduling-1] INFO  d.t.c.m.s.batteryLevelCheckScheduler - Drone SerialNumber 151UWLM Battery Level28
816925 2022-09-12 15:13:54 [scheduling-1] INFO  d.t.c.m.s.batteryLevelCheckScheduler - Drone SerialNumber 151LWLM Battery Level28
816926 2022-09-12 15:13:54 [scheduling-1] INFO  d.t.c.m.s.batteryLevelCheckScheduler - Drone SerialNumber 171ZWLM Battery Level28
1066956 2022-09-12 15:18:04 [scheduling-1] INFO  d.t.c.m.s.batteryLevelCheckScheduler - Drone SerialNumber 188PWLM Battery Level28
1066957 2022-09-12 15:18:04 [scheduling-1] INFO  d.t.c.m.s.batteryLevelCheckScheduler - Drone SerialNumber 121KWLM Battery Level28
1066958 2022-09-12 15:18:04 [scheduling-1] INFO  d.t.c.m.s.batteryLevelCheckScheduler - Drone SerialNumber 151UWLM Battery Level28
1066960 2022-09-12 15:18:04 [scheduling-1] INFO  d.t.c.m.s.batteryLevelCheckScheduler - Drone SerialNumber 151LWLM Battery Level28
1066961 2022-09-12 15:18:04 [scheduling-1] INFO  d.t.c.m.s.batteryLevelCheckScheduler - Drone SerialNumber 171ZWLM Battery Level28
1317335 2022-09-12 15:22:14 [scheduling-1] INFO  d.t.c.m.s.batteryLevelCheckScheduler - Drone SerialNumber 188PWLM Battery Level28
1317347 2022-09-12 15:22:14 [scheduling-1] INFO  d.t.c.m.s.batteryLevelCheckScheduler - Drone SerialNumber 121KWLM Battery Level28
1317349 2022-09-12 15:22:14 [scheduling-1] INFO  d.t.c.m.s.batteryLevelCheckScheduler - Drone SerialNumber 151UWLM Battery Level28
1317352 2022-09-12 15:22:14 [scheduling-1] INFO  d.t.c.m.s.batteryLevelCheckScheduler - Drone SerialNumber 151LWLM Battery Level28
1317356 2022-09-12 15:22:14 [scheduling-1] INFO  d.t.c.m.s.batteryLevelCheckScheduler - Drone SerialNumber 171ZWLM Battery Level28
1567614 2022-09-12 15:26:25 [scheduling-1] INFO  d.t.c.m.s.batteryLevelCheckScheduler - Drone SerialNumber 188PWLM Battery Level28
1568226 2022-09-12 15:26:25 [scheduling-1] INFO  d.t.c.m.s.batteryLevelCheckScheduler - Drone SerialNumber 121KWLM Battery Level28
1568228 2022-09-12 15:26:25 [scheduling-1] INFO  d.t.c.m.s.batteryLevelCheckScheduler - Drone SerialNumber 151UWLM Battery Level28
1568228 2022-09-12 15:26:25 [scheduling-1] INFO  d.t.c.m.s.batteryLevelCheckScheduler - Drone SerialNumber 151LWLM Battery Level28
1568230 2022-09-12 15:26:25 [scheduling-1] INFO  d.t.c.m.s.batteryLevelCheckScheduler - Drone SerialNumber 171ZWLM Battery Level28
1818483 2022-09-12 15:30:36 [scheduling-1] INFO  d.t.c.m.s.batteryLevelCheckScheduler - Drone SerialNumber 188PWLM Battery Level28
1818499 2022-09-12 15:30:36 [scheduling-1] INFO  d.t.c.m.s.batteryLevelCheckScheduler - Drone SerialNumber 121KWLM Battery Level28
1818510 2022-09-12 15:30:36 [scheduling-1] INFO  d.t.c.m.s.batteryLevelCheckScheduler - Drone SerialNumber 151UWLM Battery Level28
1818511 2022-09-12 15:30:36 [scheduling-1] INFO  d.t.c.m.s.batteryLevelCheckScheduler - Drone SerialNumber 151LWLM Battery Level28
1818512 2022-09-12 15:30:36 [scheduling-1] INFO  d.t.c.m.s.batteryLevelCheckScheduler - Drone SerialNumber 171ZWLM Battery Level28
2069188 2022-09-12 15:34:46 [scheduling-1] INFO  d.t.c.m.s.batteryLevelCheckScheduler - Drone SerialNumber 188PWLM Battery Level28
2069333 2022-09-12 15:34:46 [scheduling-1] INFO  d.t.c.m.s.batteryLevelCheckScheduler - Drone SerialNumber 121KWLM Battery Level28
2069422 2022-09-12 15:34:47 [scheduling-1] INFO  d.t.c.m.s.batteryLevelCheckScheduler - Drone SerialNumber 151UWLM Battery Level28
2069503 2022-09-12 15:34:47 [scheduling-1] INFO  d.t.c.m.s.batteryLevelCheckScheduler - Drone SerialNumber 151LWLM Battery Level28
2069632 2022-09-12 15:34:47 [scheduling-1] INFO  d.t.c.m.s.batteryLevelCheckScheduler - Drone SerialNumber 171ZWLM Battery Level28
2319857 2022-09-12 15:38:57 [scheduling-1] INFO  d.t.c.m.s.batteryLevelCheckScheduler - Drone SerialNumber 188PWLM Battery Level28
2319862 2022-09-12 15:38:57 [scheduling-1] INFO  d.t.c.m.s.batteryLevelCheckScheduler - Drone SerialNumber 121KWLM Battery Level28
2319878 2022-09-12 15:38:57 [scheduling-1] INFO  d.t.c.m.s.batteryLevelCheckScheduler - Drone SerialNumber 151UWLM Battery Level28
2319880 2022-09-12 15:38:57 [scheduling-1] INFO  d.t.c.m.s.batteryLevelCheckScheduler - Drone SerialNumber 151LWLM Battery Level28
2319881 2022-09-12 15:38:57 [scheduling-1] INFO  d.t.c.m.s.batteryLevelCheckScheduler - Drone SerialNumber 171ZWLM Battery Level28
2569904 2022-09-12 15:43:07 [scheduling-1] INFO  d.t.c.m.s.batteryLevelCheckScheduler - Drone SerialNumber 188PWLM Battery Level28
2569907 2022-09-12 15:43:07 [scheduling-1] INFO  d.t.c.m.s.batteryLevelCheckScheduler - Drone SerialNumber 121KWLM Battery Level28
2569911 2022-09-12 15:43:07 [scheduling-1] INFO  d.t.c.m.s.batteryLevelCheckScheduler - Drone SerialNumber 151UWLM Battery Level28
2569913 2022-09-12 15:43:07 [scheduling-1] INFO  d.t.c.m.s.batteryLevelCheckScheduler - Drone SerialNumber 151LWLM Battery Level28
2569914 2022-09-12 15:43:07 [scheduling-1] INFO  d.t.c.m.s.batteryLevelCheckScheduler - Drone SerialNumber 171ZWLM Battery Level28
2819933 2022-09-12 15:47:17 [scheduling-1] INFO  d.t.c.m.s.batteryLevelCheckScheduler - Drone SerialNumber 188PWLM Battery Level28
2819934 2022-09-12 15:47:17 [scheduling-1] INFO  d.t.c.m.s.batteryLevelCheckScheduler - Drone SerialNumber 121KWLM Battery Level28
2819935 2022-09-12 15:47:17 [scheduling-1] INFO  d.t.c.m.s.batteryLevelCheckScheduler - Drone SerialNumber 151UWLM Battery Level28
2819935 2022-09-12 15:47:17 [scheduling-1] INFO  d.t.c.m.s.batteryLevelCheckScheduler - Drone SerialNumber 151LWLM Battery Level28
2819936 2022-09-12 15:47:17 [scheduling-1] INFO  d.t.c.m.s.batteryLevelCheckScheduler - Drone SerialNumber 171ZWLM Battery Level28
3069967 2022-09-12 15:51:27 [scheduling-1] INFO  d.t.c.m.s.batteryLevelCheckScheduler - Drone SerialNumber 188PWLM Battery Level28
3069972 2022-09-12 15:51:27 [scheduling-1] INFO  d.t.c.m.s.batteryLevelCheckScheduler - Drone SerialNumber 121KWLM Battery Level28
3069974 2022-09-12 15:51:27 [scheduling-1] INFO  d.t.c.m.s.batteryLevelCheckScheduler - Drone SerialNumber 151UWLM Battery Level28
3069975 2022-09-12 15:51:27 [scheduling-1] INFO  d.t.c.m.s.batteryLevelCheckScheduler - Drone SerialNumber 151LWLM Battery Level28
3069977 2022-09-12 15:51:27 [scheduling-1] INFO  d.t.c.m.s.batteryLevelCheckScheduler - Drone SerialNumber 171ZWLM Battery Level28
3320002 2022-09-12 15:55:37 [scheduling-1] INFO  d.t.c.m.s.batteryLevelCheckScheduler - Drone SerialNumber 188PWLM Battery Level28
3320005 2022-09-12 15:55:37 [scheduling-1] INFO  d.t.c.m.s.batteryLevelCheckScheduler - Drone SerialNumber 121KWLM Battery Level28
3320007 2022-09-12 15:55:37 [scheduling-1] INFO  d.t.c.m.s.batteryLevelCheckScheduler - Drone SerialNumber 151UWLM Battery Level28
3320009 2022-09-12 15:55:37 [scheduling-1] INFO  d.t.c.m.s.batteryLevelCheckScheduler - Drone SerialNumber 151LWLM Battery Level28
3320011 2022-09-12 15:55:37 [scheduling-1] INFO  d.t.c.m.s.batteryLevelCheckScheduler - Drone SerialNumber 171ZWLM Battery Level28
3570054 2022-09-12 15:59:47 [scheduling-1] INFO  d.t.c.m.s.batteryLevelCheckScheduler - Drone SerialNumber 188PWLM Battery Level28
3570060 2022-09-12 15:59:47 [scheduling-1] INFO  d.t.c.m.s.batteryLevelCheckScheduler - Drone SerialNumber 121KWLM Battery Level28
3570064 2022-09-12 15:59:47 [scheduling-1] INFO  d.t.c.m.s.batteryLevelCheckScheduler - Drone SerialNumber 151UWLM Battery Level28
3570068 2022-09-12 15:59:47 [scheduling-1] INFO  d.t.c.m.s.batteryLevelCheckScheduler - Drone SerialNumber 151LWLM Battery Level28
3570069 2022-09-12 15:59:47 [scheduling-1] INFO  d.t.c.m.s.batteryLevelCheckScheduler - Drone SerialNumber 171ZWLM Battery Level28
3820101 2022-09-12 16:03:57 [scheduling-1] INFO  d.t.c.m.s.batteryLevelCheckScheduler - Drone SerialNumber 188PWLM Battery Level28
3820104 2022-09-12 16:03:57 [scheduling-1] INFO  d.t.c.m.s.batteryLevelCheckScheduler - Drone SerialNumber 121KWLM Battery Level28
3820106 2022-09-12 16:03:57 [scheduling-1] INFO  d.t.c.m.s.batteryLevelCheckScheduler - Drone SerialNumber 151UWLM Battery Level28
3820108 2022-09-12 16:03:57 [scheduling-1] INFO  d.t.c.m.s.batteryLevelCheckScheduler - Drone SerialNumber 151LWLM Battery Level28
3820110 2022-09-12 16:03:57 [scheduling-1] INFO  d.t.c.m.s.batteryLevelCheckScheduler - Drone SerialNumber 171ZWLM Battery Level28
4070139 2022-09-12 16:08:07 [scheduling-1] INFO  d.t.c.m.s.batteryLevelCheckScheduler - Drone SerialNumber 188PWLM Battery Level28
4070142 2022-09-12 16:08:07 [scheduling-1] INFO  d.t.c.m.s.batteryLevelCheckScheduler - Drone SerialNumber 121KWLM Battery Level28
4070143 2022-09-12 16:08:07 [scheduling-1] INFO  d.t.c.m.s.batteryLevelCheckScheduler - Drone SerialNumber 151UWLM Battery Level28
4070147 2022-09-12 16:08:07 [scheduling-1] INFO  d.t.c.m.s.batteryLevelCheckScheduler - Drone SerialNumber 151LWLM Battery Level28
4070152 2022-09-12 16:08:07 [scheduling-1] INFO  d.t.c.m.s.batteryLevelCheckScheduler - Drone SerialNumber 171ZWLM Battery Level28
4320169 2022-09-12 16:12:17 [scheduling-1] INFO  d.t.c.m.s.batteryLevelCheckScheduler - Drone SerialNumber 188PWLM Battery Level28
4320171 2022-09-12 16:12:17 [scheduling-1] INFO  d.t.c.m.s.batteryLevelCheckScheduler - Drone SerialNumber 121KWLM Battery Level28
4320172 2022-09-12 16:12:17 [scheduling-1] INFO  d.t.c.m.s.batteryLevelCheckScheduler - Drone SerialNumber 151UWLM Battery Level28
4320174 2022-09-12 16:12:17 [scheduling-1] INFO  d.t.c.m.s.batteryLevelCheckScheduler - Drone SerialNumber 151LWLM Battery Level28
4320175 2022-09-12 16:12:17 [scheduling-1] INFO  d.t.c.m.s.batteryLevelCheckScheduler - Drone SerialNumber 171ZWLM Battery Level28
4570204 2022-09-12 16:16:27 [scheduling-1] INFO  d.t.c.m.s.batteryLevelCheckScheduler - Drone SerialNumber 188PWLM Battery Level28
4570206 2022-09-12 16:16:27 [scheduling-1] INFO  d.t.c.m.s.batteryLevelCheckScheduler - Drone SerialNumber 121KWLM Battery Level28
4570207 2022-09-12 16:16:27 [scheduling-1] INFO  d.t.c.m.s.batteryLevelCheckScheduler - Drone SerialNumber 151UWLM Battery Level28
4570209 2022-09-12 16:16:27 [scheduling-1] INFO  d.t.c.m.s.batteryLevelCheckScheduler - Drone SerialNumber 151LWLM Battery Level28
4570210 2022-09-12 16:16:27 [scheduling-1] INFO  d.t.c.m.s.batteryLevelCheckScheduler - Drone SerialNumber 171ZWLM Battery Level28
4820224 2022-09-12 16:20:37 [scheduling-1] INFO  d.t.c.m.s.batteryLevelCheckScheduler - Drone SerialNumber 188PWLM Battery Level28
4820229 2022-09-12 16:20:37 [scheduling-1] INFO  d.t.c.m.s.batteryLevelCheckScheduler - Drone SerialNumber 121KWLM Battery Level28
4820230 2022-09-12 16:20:37 [scheduling-1] INFO  d.t.c.m.s.batteryLevelCheckScheduler - Drone SerialNumber 151UWLM Battery Level28
4820231 2022-09-12 16:20:37 [scheduling-1] INFO  d.t.c.m.s.batteryLevelCheckScheduler - Drone SerialNumber 151LWLM Battery Level28
4820233 2022-09-12 16:20:37 [scheduling-1] INFO  d.t.c.m.s.batteryLevelCheckScheduler - Drone SerialNumber 171ZWLM Battery Level28
5070266 2022-09-12 16:24:47 [scheduling-1] INFO  d.t.c.m.s.batteryLevelCheckScheduler - Drone SerialNumber 188PWLM Battery Level28
5070271 2022-09-12 16:24:47 [scheduling-1] INFO  d.t.c.m.s.batteryLevelCheckScheduler - Drone SerialNumber 121KWLM Battery Level28
5070272 2022-09-12 16:24:47 [scheduling-1] INFO  d.t.c.m.s.batteryLevelCheckScheduler - Drone SerialNumber 151UWLM Battery Level28
5070273 2022-09-12 16:24:47 [scheduling-1] INFO  d.t.c.m.s.batteryLevelCheckScheduler - Drone SerialNumber 151LWLM Battery Level28
5070275 2022-09-12 16:24:47 [scheduling-1] INFO  d.t.c.m.s.batteryLevelCheckScheduler - Drone SerialNumber 171ZWLM Battery Level28
5320313 2022-09-12 16:28:57 [scheduling-1] INFO  d.t.c.m.s.batteryLevelCheckScheduler - Drone SerialNumber 188PWLM Battery Level28
5320315 2022-09-12 16:28:57 [scheduling-1] INFO  d.t.c.m.s.batteryLevelCheckScheduler - Drone SerialNumber 121KWLM Battery Level28
5320315 2022-09-12 16:28:57 [scheduling-1] INFO  d.t.c.m.s.batteryLevelCheckScheduler - Drone SerialNumber 151UWLM Battery Level28
5320317 2022-09-12 16:28:57 [scheduling-1] INFO  d.t.c.m.s.batteryLevelCheckScheduler - Drone SerialNumber 151LWLM Battery Level28
5320318 2022-09-12 16:28:57 [scheduling-1] INFO  d.t.c.m.s.batteryLevelCheckScheduler - Drone SerialNumber 171ZWLM Battery Level28
5570361 2022-09-12 16:33:07 [scheduling-1] INFO  d.t.c.m.s.batteryLevelCheckScheduler - Drone SerialNumber 188PWLM Battery Level28
5570362 2022-09-12 16:33:07 [scheduling-1] INFO  d.t.c.m.s.batteryLevelCheckScheduler - Drone SerialNumber 121KWLM Battery Level28
5570365 2022-09-12 16:33:07 [scheduling-1] INFO  d.t.c.m.s.batteryLevelCheckScheduler - Drone SerialNumber 151UWLM Battery Level28
5570367 2022-09-12 16:33:07 [scheduling-1] INFO  d.t.c.m.s.batteryLevelCheckScheduler - Drone SerialNumber 151LWLM Battery Level28
5570368 2022-09-12 16:33:07 [scheduling-1] INFO  d.t.c.m.s.batteryLevelCheckScheduler - Drone SerialNumber 171ZWLM Battery Level28
5820391 2022-09-12 16:37:18 [scheduling-1] INFO  d.t.c.m.s.batteryLevelCheckScheduler - Drone SerialNumber 188PWLM Battery Level28
5820393 2022-09-12 16:37:18 [scheduling-1] INFO  d.t.c.m.s.batteryLevelCheckScheduler - Drone SerialNumber 121KWLM Battery Level28
5820395 2022-09-12 16:37:18 [scheduling-1] INFO  d.t.c.m.s.batteryLevelCheckScheduler - Drone SerialNumber 151UWLM Battery Level28
5820397 2022-09-12 16:37:18 [scheduling-1] INFO  d.t.c.m.s.batteryLevelCheckScheduler - Drone SerialNumber 151LWLM Battery Level28
5820398 2022-09-12 16:37:18 [scheduling-1] INFO  d.t.c.m.s.batteryLevelCheckScheduler - Drone SerialNumber 171ZWLM Battery Level28
6070417 2022-09-12 16:41:28 [scheduling-1] INFO  d.t.c.m.s.batteryLevelCheckScheduler - Drone SerialNumber 188PWLM Battery Level28
6070419 2022-09-12 16:41:28 [scheduling-1] INFO  d.t.c.m.s.batteryLevelCheckScheduler - Drone SerialNumber 121KWLM Battery Level28
6070420 2022-09-12 16:41:28 [scheduling-1] INFO  d.t.c.m.s.batteryLevelCheckScheduler - Drone SerialNumber 151UWLM Battery Level28
6070421 2022-09-12 16:41:28 [scheduling-1] INFO  d.t.c.m.s.batteryLevelCheckScheduler - Drone SerialNumber 151LWLM Battery Level28
6070424 2022-09-12 16:41:28 [scheduling-1] INFO  d.t.c.m.s.batteryLevelCheckScheduler - Drone SerialNumber 171ZWLM Battery Level28
6320460 2022-09-12 16:45:38 [scheduling-1] INFO  d.t.c.m.s.batteryLevelCheckScheduler - Drone SerialNumber 188PWLM Battery Level28
6320463 2022-09-12 16:45:38 [scheduling-1] INFO  d.t.c.m.s.batteryLevelCheckScheduler - Drone SerialNumber 121KWLM Battery Level28
6320465 2022-09-12 16:45:38 [scheduling-1] INFO  d.t.c.m.s.batteryLevelCheckScheduler - Drone SerialNumber 151UWLM Battery Level28
6320466 2022-09-12 16:45:38 [scheduling-1] INFO  d.t.c.m.s.batteryLevelCheckScheduler - Drone SerialNumber 151LWLM Battery Level28
6320467 2022-09-12 16:45:38 [scheduling-1] INFO  d.t.c.m.s.batteryLevelCheckScheduler - Drone SerialNumber 171ZWLM Battery Level28
6570493 2022-09-12 16:49:48 [scheduling-1] INFO  d.t.c.m.s.batteryLevelCheckScheduler - Drone SerialNumber 188PWLM Battery Level28
6570497 2022-09-12 16:49:48 [scheduling-1] INFO  d.t.c.m.s.batteryLevelCheckScheduler - Drone SerialNumber 121KWLM Battery Level28
6570500 2022-09-12 16:49:48 [scheduling-1] INFO  d.t.c.m.s.batteryLevelCheckScheduler - Drone SerialNumber 151UWLM Battery Level28
6570500 2022-09-12 16:49:48 [scheduling-1] INFO  d.t.c.m.s.batteryLevelCheckScheduler - Drone SerialNumber 151LWLM Battery Level28
6570503 2022-09-12 16:49:48 [scheduling-1] INFO  d.t.c.m.s.batteryLevelCheckScheduler - Drone SerialNumber 171ZWLM Battery Level28
6820527 2022-09-12 16:53:58 [scheduling-1] INFO  d.t.c.m.s.batteryLevelCheckScheduler - Drone SerialNumber 188PWLM Battery Level28
6820529 2022-09-12 16:53:58 [scheduling-1] INFO  d.t.c.m.s.batteryLevelCheckScheduler - Drone SerialNumber 121KWLM Battery Level28
6820530 2022-09-12 16:53:58 [scheduling-1] INFO  d.t.c.m.s.batteryLevelCheckScheduler - Drone SerialNumber 151UWLM Battery Level28
6820534 2022-09-12 16:53:58 [scheduling-1] INFO  d.t.c.m.s.batteryLevelCheckScheduler - Drone SerialNumber 151LWLM Battery Level28
6820536 2022-09-12 16:53:58 [scheduling-1] INFO  d.t.c.m.s.batteryLevelCheckScheduler - Drone SerialNumber 171ZWLM Battery Level28
7070571 2022-09-12 16:58:08 [scheduling-1] INFO  d.t.c.m.s.batteryLevelCheckScheduler - Drone SerialNumber 188PWLM Battery Level28
7070572 2022-09-12 16:58:08 [scheduling-1] INFO  d.t.c.m.s.batteryLevelCheckScheduler - Drone SerialNumber 121KWLM Battery Level28
7070573 2022-09-12 16:58:08 [scheduling-1] INFO  d.t.c.m.s.batteryLevelCheckScheduler - Drone SerialNumber 151UWLM Battery Level28
7070574 2022-09-12 16:58:08 [scheduling-1] INFO  d.t.c.m.s.batteryLevelCheckScheduler - Drone SerialNumber 151LWLM Battery Level28
7070574 2022-09-12 16:58:08 [scheduling-1] INFO  d.t.c.m.s.batteryLevelCheckScheduler - Drone SerialNumber 171ZWLM Battery Level28
7320591 2022-09-12 17:02:18 [scheduling-1] INFO  d.t.c.m.s.batteryLevelCheckScheduler - Drone SerialNumber 188PWLM Battery Level28
7320596 2022-09-12 17:02:18 [scheduling-1] INFO  d.t.c.m.s.batteryLevelCheckScheduler - Drone SerialNumber 121KWLM Battery Level28
7320597 2022-09-12 17:02:18 [scheduling-1] INFO  d.t.c.m.s.batteryLevelCheckScheduler - Drone SerialNumber 151UWLM Battery Level28
7320599 2022-09-12 17:02:18 [scheduling-1] INFO  d.t.c.m.s.batteryLevelCheckScheduler - Drone SerialNumber 151LWLM Battery Level28
7320601 2022-09-12 17:02:18 [scheduling-1] INFO  d.t.c.m.s.batteryLevelCheckScheduler - Drone SerialNumber 171ZWLM Battery Level28
7570624 2022-09-12 17:06:28 [scheduling-1] INFO  d.t.c.m.s.batteryLevelCheckScheduler - Drone SerialNumber 188PWLM Battery Level28
7570626 2022-09-12 17:06:28 [scheduling-1] INFO  d.t.c.m.s.batteryLevelCheckScheduler - Drone SerialNumber 121KWLM Battery Level28
7570627 2022-09-12 17:06:28 [scheduling-1] INFO  d.t.c.m.s.batteryLevelCheckScheduler - Drone SerialNumber 151UWLM Battery Level28
7570627 2022-09-12 17:06:28 [scheduling-1] INFO  d.t.c.m.s.batteryLevelCheckScheduler - Drone SerialNumber 151LWLM Battery Level28
7570628 2022-09-12 17:06:28 [scheduling-1] INFO  d.t.c.m.s.batteryLevelCheckScheduler - Drone SerialNumber 171ZWLM Battery Level28
7820641 2022-09-12 17:10:38 [scheduling-1] INFO  d.t.c.m.s.batteryLevelCheckScheduler - Drone SerialNumber 188PWLM Battery Level28
7820644 2022-09-12 17:10:38 [scheduling-1] INFO  d.t.c.m.s.batteryLevelCheckScheduler - Drone SerialNumber 121KWLM Battery Level28
7820726 2022-09-12 17:10:38 [scheduling-1] INFO  d.t.c.m.s.batteryLevelCheckScheduler - Drone SerialNumber 151UWLM Battery Level28
7820728 2022-09-12 17:10:38 [scheduling-1] INFO  d.t.c.m.s.batteryLevelCheckScheduler - Drone SerialNumber 151LWLM Battery Level28
7820731 2022-09-12 17:10:38 [scheduling-1] INFO  d.t.c.m.s.batteryLevelCheckScheduler - Drone SerialNumber 171ZWLM Battery Level28
8070764 2022-09-12 17:14:48 [scheduling-1] INFO  d.t.c.m.s.batteryLevelCheckScheduler - Drone SerialNumber 188PWLM Battery Level28
8070773 2022-09-12 17:14:48 [scheduling-1] INFO  d.t.c.m.s.batteryLevelCheckScheduler - Drone SerialNumber 121KWLM Battery Level28
8070785 2022-09-12 17:14:48 [scheduling-1] INFO  d.t.c.m.s.batteryLevelCheckScheduler - Drone SerialNumber 151UWLM Battery Level28
8070785 2022-09-12 17:14:48 [scheduling-1] INFO  d.t.c.m.s.batteryLevelCheckScheduler - Drone SerialNumber 151LWLM Battery Level28
8070786 2022-09-12 17:14:48 [scheduling-1] INFO  d.t.c.m.s.batteryLevelCheckScheduler - Drone SerialNumber 171ZWLM Battery Level28
8320811 2022-09-12 17:18:58 [scheduling-1] INFO  d.t.c.m.s.batteryLevelCheckScheduler - Drone SerialNumber 188PWLM Battery Level28
8320813 2022-09-12 17:18:58 [scheduling-1] INFO  d.t.c.m.s.batteryLevelCheckScheduler - Drone SerialNumber 121KWLM Battery Level28
8320814 2022-09-12 17:18:58 [scheduling-1] INFO  d.t.c.m.s.batteryLevelCheckScheduler - Drone SerialNumber 151UWLM Battery Level28
8320814 2022-09-12 17:18:58 [scheduling-1] INFO  d.t.c.m.s.batteryLevelCheckScheduler - Drone SerialNumber 151LWLM Battery Level28
8320815 2022-09-12 17:18:58 [scheduling-1] INFO  d.t.c.m.s.batteryLevelCheckScheduler - Drone SerialNumber 171ZWLM Battery Level28
908  2022-09-12 17:36:37 [main] INFO  d.t.c.m.MedicationDeliveryApplication - Starting MedicationDeliveryApplication using Java 17.0.4 on LAPTOP-URRO1N55 with PID 3428 (D:\test\medicationDelivery\target\classes started by Aimen Ahmed in D:\test\medicationDelivery)
917  2022-09-12 17:36:37 [main] DEBUG d.t.c.m.MedicationDeliveryApplication - Running with Spring Boot v2.7.3, Spring v5.3.22
929  2022-09-12 17:36:37 [main] INFO  d.t.c.m.MedicationDeliveryApplication - No active profile set, falling back to 1 default profile: "default"
6917 2022-09-12 17:36:43 [main] INFO  d.t.c.m.MedicationDeliveryApplication - Started MedicationDeliveryApplication in 6.668 seconds (JVM running for 7.203)
955  2022-09-12 17:41:38 [main] INFO  d.t.c.m.MedicationDeliveryApplication - Starting MedicationDeliveryApplication using Java 17.0.4 on LAPTOP-URRO1N55 with PID 26700 (D:\test\medicationDelivery\target\classes started by Aimen Ahmed in D:\test\medicationDelivery)
963  2022-09-12 17:41:38 [main] DEBUG d.t.c.m.MedicationDeliveryApplication - Running with Spring Boot v2.7.3, Spring v5.3.22
965  2022-09-12 17:41:38 [main] INFO  d.t.c.m.MedicationDeliveryApplication - No active profile set, falling back to 1 default profile: "default"
7366 2022-09-12 17:41:45 [main] INFO  d.t.c.m.MedicationDeliveryApplication - Started MedicationDeliveryApplication in 7.105 seconds (JVM running for 7.651)
1086 2022-09-12 18:40:30 [main] INFO  d.t.c.m.MedicationDeliveryApplication - Starting MedicationDeliveryApplication using Java 17.0.4 on LAPTOP-URRO1N55 with PID 20712 (D:\test\medicationDelivery\target\classes started by Aimen Ahmed in D:\test\medicationDelivery)
1092 2022-09-12 18:40:30 [main] DEBUG d.t.c.m.MedicationDeliveryApplication - Running with Spring Boot v2.7.3, Spring v5.3.22
1094 2022-09-12 18:40:30 [main] INFO  d.t.c.m.MedicationDeliveryApplication - No active profile set, falling back to 1 default profile: "default"
7052 2022-09-12 18:40:36 [main] INFO  d.t.c.m.MedicationDeliveryApplication - Started MedicationDeliveryApplication in 6.708 seconds (JVM running for 7.315)
